[    0.000000] Initializing cgroup subsys cpuset
[    0.000000] Initializing cgroup subsys cpu
[    0.000000] Initializing cgroup subsys cpuacct
[    0.000000] Linux version 4.4.0-142-generic (buildd@lgw01-amd64-033) (gcc version 5.4.0 20160609 (Ubuntu 5.4.0-6ubuntu1~16.04.10) ) #168-Ubuntu SMP Wed Jan 16 21:00:45 UTC 2019 (Ubuntu 4.4.0-142.168-generic 4.4.167)
[    0.000000] Command line: BOOT_IMAGE=/boot/vmlinuz-4.4.0-142-generic root=LABEL=cloudimg-rootfs ro console=tty1 console=ttyS0
[    0.000000] KERNEL supported cpus:
[    0.000000]   Intel GenuineIntel
[    0.000000]   AMD AuthenticAMD
[    0.000000]   Centaur CentaurHauls
[    0.000000] x86/fpu: xstate_offset[2]:  576, xstate_sizes[2]:  256
[    0.000000] x86/fpu: Supporting XSAVE feature 0x01: 'x87 floating point registers'
[    0.000000] x86/fpu: Supporting XSAVE feature 0x02: 'SSE registers'
[    0.000000] x86/fpu: Supporting XSAVE feature 0x04: 'AVX registers'
[    0.000000] x86/fpu: Enabled xstate features 0x7, context size is 832 bytes, using 'standard' format.
[    0.000000] e820: BIOS-provided physical RAM map:
[    0.000000] BIOS-e820: [mem 0x0000000000000000-0x000000000009fbff] usable
[    0.000000] BIOS-e820: [mem 0x000000000009fc00-0x000000000009ffff] reserved
[    0.000000] BIOS-e820: [mem 0x00000000000f0000-0x00000000000fffff] reserved
[    0.000000] BIOS-e820: [mem 0x0000000000100000-0x000000003ffeffff] usable
[    0.000000] BIOS-e820: [mem 0x000000003fff0000-0x000000003fffffff] ACPI data
[    0.000000] BIOS-e820: [mem 0x00000000fec00000-0x00000000fec00fff] reserved
[    0.000000] BIOS-e820: [mem 0x00000000fee00000-0x00000000fee00fff] reserved
[    0.000000] BIOS-e820: [mem 0x00000000fffc0000-0x00000000ffffffff] reserved
[    0.000000] NX (Execute Disable) protection: active
[    0.000000] SMBIOS 2.5 present.
[    0.000000] Hypervisor detected: KVM
[    0.000000] e820: last_pfn = 0x3fff0 max_arch_pfn = 0x400000000
[    0.000000] MTRR: Disabled
[    0.000000] x86/PAT: MTRRs disabled, skipping PAT initialization too.
[    0.000000] CPU MTRRs all blank - virtualized system.
[    0.000000] x86/PAT: Configuration [0-7]: WB  WT  UC- UC  WB  WT  UC- UC  
[    0.000000] found SMP MP-table at [mem 0x0009fff0-0x0009ffff] mapped at [ffff88000009fff0]
[    0.000000] Scanning 1 areas for low memory corruption
[    0.000000] RAMDISK: [mem 0x3630a000-0x3717cfff]
[    0.000000] ACPI: Early table checksum verification disabled
[    0.000000] ACPI: RSDP 0x00000000000E0000 000024 (v02 VBOX  )
[    0.000000] ACPI: XSDT 0x000000003FFF0030 00003C (v01 VBOX   VBOXXSDT 00000001 ASL  00000061)
[    0.000000] ACPI: FACP 0x000000003FFF00F0 0000F4 (v04 VBOX   VBOXFACP 00000001 ASL  00000061)
[    0.000000] ACPI: DSDT 0x000000003FFF0470 0021FF (v02 VBOX   VBOXBIOS 00000002 INTL 20180105)
[    0.000000] ACPI: FACS 0x000000003FFF0200 000040
[    0.000000] ACPI: FACS 0x000000003FFF0200 000040
[    0.000000] ACPI: APIC 0x000000003FFF0240 00005C (v02 VBOX   VBOXAPIC 00000001 ASL  00000061)
[    0.000000] ACPI: SSDT 0x000000003FFF02A0 0001CC (v01 VBOX   VBOXCPUT 00000002 INTL 20180105)
[    0.000000] No NUMA configuration found
[    0.000000] Faking a node at [mem 0x0000000000000000-0x000000003ffeffff]
[    0.000000] NODE_DATA(0) allocated [mem 0x3ffeb000-0x3ffeffff]
[    0.000000] kvm-clock: Using msrs 4b564d01 and 4b564d00
[    0.000000] kvm-clock: cpu 0, msr 0:3ffe3001, primary cpu clock
[    0.000000] kvm-clock: using sched offset of 4182501153 cycles
[    0.000000] clocksource: kvm-clock: mask: 0xffffffffffffffff max_cycles: 0x1cd42e4dffb, max_idle_ns: 881590591483 ns
[    0.000000] Zone ranges:
[    0.000000]   DMA      [mem 0x0000000000001000-0x0000000000ffffff]
[    0.000000]   DMA32    [mem 0x0000000001000000-0x000000003ffeffff]
[    0.000000]   Normal   empty
[    0.000000]   Device   empty
[    0.000000] Movable zone start for each node
[    0.000000] Early memory node ranges
[    0.000000]   node   0: [mem 0x0000000000001000-0x000000000009efff]
[    0.000000]   node   0: [mem 0x0000000000100000-0x000000003ffeffff]
[    0.000000] Initmem setup node 0 [mem 0x0000000000001000-0x000000003ffeffff]
[    0.000000] ACPI: PM-Timer IO Port: 0x4008
[    0.000000] IOAPIC[0]: apic_id 2, version 32, address 0xfec00000, GSI 0-23
[    0.000000] ACPI: INT_SRC_OVR (bus 0 bus_irq 0 global_irq 2 dfl dfl)
[    0.000000] ACPI: INT_SRC_OVR (bus 0 bus_irq 9 global_irq 9 low level)
[    0.000000] Using ACPI (MADT) for SMP configuration information
[    0.000000] smpboot: Allowing 2 CPUs, 0 hotplug CPUs
[    0.000000] PM: Registered nosave memory: [mem 0x00000000-0x00000fff]
[    0.000000] PM: Registered nosave memory: [mem 0x0009f000-0x0009ffff]
[    0.000000] PM: Registered nosave memory: [mem 0x000a0000-0x000effff]
[    0.000000] PM: Registered nosave memory: [mem 0x000f0000-0x000fffff]
[    0.000000] e820: [mem 0x40000000-0xfebfffff] available for PCI devices
[    0.000000] Booting paravirtualized kernel on KVM
[    0.000000] clocksource: refined-jiffies: mask: 0xffffffff max_cycles: 0xffffffff, max_idle_ns: 7645519600211568 ns
[    0.000000] setup_percpu: NR_CPUS:512 nr_cpumask_bits:512 nr_cpu_ids:2 nr_node_ids:1
[    0.000000] PERCPU: Embedded 34 pages/cpu @ffff88003fc00000 s99480 r8192 d31592 u1048576
[    0.000000] Built 1 zonelists in Node order, mobility grouping on.  Total pages: 257912
[    0.000000] Policy zone: DMA32
[    0.000000] Kernel command line: BOOT_IMAGE=/boot/vmlinuz-4.4.0-142-generic root=LABEL=cloudimg-rootfs ro console=tty1 console=ttyS0
[    0.000000] PID hash table entries: 4096 (order: 3, 32768 bytes)
[    0.000000] Memory: 997736K/1048120K available (8603K kernel code, 1332K rwdata, 4004K rodata, 1484K init, 1316K bss, 50384K reserved, 0K cma-reserved)
[    0.000000] SLUB: HWalign=64, Order=0-3, MinObjects=0, CPUs=2, Nodes=1
[    0.000000] Kernel/User page tables isolation: enabled
[    0.000000] Hierarchical RCU implementation.
[    0.000000] 	Build-time adjustment of leaf fanout to 64.
[    0.000000] 	RCU restricting CPUs from NR_CPUS=512 to nr_cpu_ids=2.
[    0.000000] RCU: Adjusting geometry for rcu_fanout_leaf=64, nr_cpu_ids=2
[    0.000000] NR_IRQS:33024 nr_irqs:440 16
[    0.000000] Console: colour VGA+ 80x25
[    0.000000] console [tty1] enabled
[    0.000000] console [ttyS0] enabled
[    0.000000] tsc: Detected 1795.920 MHz processor
[    0.326849] Calibrating delay loop (skipped) preset value.. 3591.84 BogoMIPS (lpj=7183680)
[    0.330503] pid_max: default: 32768 minimum: 301
[    0.332491] ACPI: Core revision 20150930
[    0.335798] ACPI: 2 ACPI AML tables successfully acquired and loaded
[    0.338700] Security Framework initialized
[    0.340521] Yama: becoming mindful.
[    0.342187] AppArmor: AppArmor initialized
[    0.344123] Dentry cache hash table entries: 131072 (order: 8, 1048576 bytes)
[    0.348120] Inode-cache hash table entries: 65536 (order: 7, 524288 bytes)
[    0.351140] Mount-cache hash table entries: 2048 (order: 2, 16384 bytes)
[    0.353857] Mountpoint-cache hash table entries: 2048 (order: 2, 16384 bytes)
[    0.356941] Initializing cgroup subsys io
[    0.358723] Initializing cgroup subsys memory
[    0.360633] Initializing cgroup subsys devices
[    0.362588] Initializing cgroup subsys freezer
[    0.364516] Initializing cgroup subsys net_cls
[    0.366467] Initializing cgroup subsys perf_event
[    0.368486] Initializing cgroup subsys net_prio
[    0.370480] Initializing cgroup subsys hugetlb
[    0.372394] Initializing cgroup subsys pids
[    0.374380] mce: CPU supports 0 MCE banks
[    0.376190] Last level iTLB entries: 4KB 512, 2MB 8, 4MB 8
[    0.378480] Last level dTLB entries: 4KB 512, 2MB 32, 4MB 32, 1GB 0
[    0.381027] Spectre V2 : Mitigation: Full generic retpoline
[    0.383315] Spectre V2 : Spectre v2 / SpectreRSB mitigation: Filling RSB on context switch
[    0.386879] Speculative Store Bypass: Vulnerable
[    0.393398] Freeing SMP alternatives memory: 32K
[    0.404897] ftrace: allocating 32277 entries in 127 pages
[    0.518486] smpboot: APIC(0) Converting physical 0 to logical package 0
[    0.525920] smpboot: Max logical packages: 1
[    0.527855] x2apic enabled
[    0.529354] Switched APIC routing to physical x2apic.
[    0.532867] ..TIMER: vector=0x30 apic1=0 pin1=2 apic2=-1 pin2=-1
[    0.641035] smpboot: CPU0: Intel(R) Core(TM) i3-3217U CPU @ 1.80GHz (family: 0x6, model: 0x3a, stepping: 0x9)
[    0.688249] Performance Events: unsupported p6 CPU model 58 no PMU driver, software events only.
[    0.712661] KVM setup paravirtual spinlock
[    0.736300] x86: Booting SMP configuration:
[    0.741537] .... node  #0, CPUs:      #1
[    0.743169] kvm-clock: cpu 1, msr 0:3ffe3041, secondary cpu clock
[    0.745115] mce: CPU supports 0 MCE banks
[    0.748286] x86: Booted up 1 node, 2 CPUs
[    0.750066] smpboot: Total of 2 processors activated (7183.68 BogoMIPS)
[    0.752790] devtmpfs: initialized
[    0.756814] evm: security.selinux
[    0.758035] evm: security.SMACK64
[    0.759253] evm: security.SMACK64EXEC
[    0.760599] evm: security.SMACK64TRANSMUTE
[    0.761995] evm: security.SMACK64MMAP
[    0.763292] evm: security.ima
[    0.764539] evm: security.capability
[    0.766164] clocksource: jiffies: mask: 0xffffffff max_cycles: 0xffffffff, max_idle_ns: 7645041785100000 ns
[    0.769354] futex hash table entries: 512 (order: 3, 32768 bytes)
[    0.771522] pinctrl core: initialized pinctrl subsystem
[    0.773451] RTC time: 20:35:58, date: 03/14/19
[    0.775239] NET: Registered protocol family 16
[    0.788419] cpuidle: using governor ladder
[    0.800532] cpuidle: using governor menu
[    0.802587] PCCT header not found.
[    0.804805] ACPI: bus type PCI registered
[    0.806897] acpiphp: ACPI Hot Plug PCI Controller Driver version: 0.5
[    0.810210] PCI: Using configuration type 1 for base access
[    0.826023] ACPI: Added _OSI(Module Device)
[    0.827862] ACPI: Added _OSI(Processor Device)
[    0.830229] ACPI: Added _OSI(3.0 _SCP Extensions)
[    0.832623] ACPI: Added _OSI(Processor Aggregator Device)
[    0.837098] ACPI: Executed 1 blocks of module-level executable AML code
[    0.842794] ACPI: Interpreter enabled
[    0.844111] ACPI: (supports S0 S5)
[    0.845437] ACPI: Using IOAPIC for interrupt routing
[    0.847304] PCI: Using host bridge windows from ACPI; if necessary, use "pci=nocrs" and report a bug
[    0.856267] ACPI: PCI Root Bridge [PCI0] (domain 0000 [bus 00-ff])
[    0.858264] acpi PNP0A03:00: _OSC: OS supports [ASPM ClockPM Segments MSI]
[    0.860378] acpi PNP0A03:00: _OSC: not requesting OS control; OS requires [ExtendedConfig ASPM ClockPM MSI]
[    0.863553] acpi PNP0A03:00: fail to add MMCONFIG information, can't access extended PCI configuration space under this bridge.
[    0.867563] PCI host bridge to bus 0000:00
[    0.869004] pci_bus 0000:00: root bus resource [io  0x0000-0x0cf7 window]
[    0.871032] pci_bus 0000:00: root bus resource [io  0x0d00-0xffff window]
[    0.873091] pci_bus 0000:00: root bus resource [mem 0x000a0000-0x000bffff window]
[    0.875605] pci_bus 0000:00: root bus resource [mem 0x40000000-0xfdffffff window]
[    0.878179] pci_bus 0000:00: root bus resource [bus 00-ff]
[    0.884999] pci 0000:00:01.1: legacy IDE quirk: reg 0x10: [io  0x01f0-0x01f7]
[    0.887105] pci 0000:00:01.1: legacy IDE quirk: reg 0x14: [io  0x03f6]
[    0.889111] pci 0000:00:01.1: legacy IDE quirk: reg 0x18: [io  0x0170-0x0177]
[    0.891207] pci 0000:00:01.1: legacy IDE quirk: reg 0x1c: [io  0x0376]
[    0.932645] pci 0000:00:07.0: quirk: [io  0x4000-0x403f] claimed by PIIX4 ACPI
[    0.943173] pci 0000:00:07.0: quirk: [io  0x4100-0x410f] claimed by PIIX4 SMB
[    0.972733] ACPI: PCI Interrupt Link [LNKA] (IRQs 5 9 10 *11)
[    0.981885] ACPI: PCI Interrupt Link [LNKB] (IRQs 5 9 *10 11)
[    0.984522] ACPI: PCI Interrupt Link [LNKC] (IRQs 5 *9 10 11)
[    0.987139] ACPI: PCI Interrupt Link [LNKD] (IRQs 5 9 10 *11)
[    0.990287] ACPI: Enabled 2 GPEs in block 00 to 07
[    0.993067] vgaarb: setting as boot device: PCI:0000:00:02.0
[    0.995371] vgaarb: device added: PCI:0000:00:02.0,decodes=io+mem,owns=io+mem,locks=none
[    0.998826] vgaarb: loaded
[    1.000186] vgaarb: bridge control possible 0000:00:02.0
[    1.002834] SCSI subsystem initialized
[    1.004834] ACPI: bus type USB registered
[    1.006626] usbcore: registered new interface driver usbfs
[    1.014239] usbcore: registered new interface driver hub
[    1.016465] usbcore: registered new device driver usb
[    1.019879] PCI: Using ACPI for IRQ routing
[    1.022227] NetLabel: Initializing
[    1.023803] NetLabel:  domain hash size = 128
[    1.025685] NetLabel:  protocols = UNLABELED CIPSOv4
[    1.027792] NetLabel:  unlabeled traffic allowed by default
[    1.030345] amd_nb: Cannot enumerate AMD northbridges
[    1.032597] clocksource: Switched to clocksource kvm-clock
[    1.045227] AppArmor: AppArmor Filesystem Enabled
[    1.047404] pnp: PnP ACPI init
[    1.050172] pnp: PnP ACPI: found 3 devices
[    1.065799] clocksource: acpi_pm: mask: 0xffffff max_cycles: 0xffffff, max_idle_ns: 2085701024 ns
[    1.069809] NET: Registered protocol family 2
[    1.072082] TCP established hash table entries: 8192 (order: 4, 65536 bytes)
[    1.075076] TCP bind hash table entries: 8192 (order: 5, 131072 bytes)
[    1.077699] TCP: Hash tables configured (established 8192 bind 8192)
[    1.080249] UDP hash table entries: 512 (order: 2, 16384 bytes)
[    1.082657] UDP-Lite hash table entries: 512 (order: 2, 16384 bytes)
[    1.085234] NET: Registered protocol family 1
[    1.087157] pci 0000:00:00.0: Limiting direct PCI/PCI transfers
[    1.089579] pci 0000:00:01.0: Activating ISA DMA hang workarounds
[    1.092221] Unpacking initramfs...
[    1.447385] Freeing initrd memory: 14796K
[    1.468972] RAPL PMU detected, API unit is 2^-32 Joules, 3 fixed counters 10737418240 ms ovfl timer
[    1.471895] hw unit of domain pp0-core 2^-0 Joules
[    1.473498] hw unit of domain package 2^-0 Joules
[    1.475061] hw unit of domain pp1-gpu 2^-0 Joules
[    1.476786] platform rtc_cmos: registered platform RTC device (no PNP device found)
[    1.479459] Scanning for low memory corruption every 60 seconds
[    1.481982] audit: initializing netlink subsys (disabled)
[    1.485540] audit: type=2000 audit(1552595764.975:1): initialized
[    1.488372] Initialise system trusted keyring
[    1.490146] HugeTLB registered 2 MB page size, pre-allocated 0 pages
[    1.494396] zbud: loaded
[    1.496028] VFS: Disk quotas dquot_6.6.0
[    1.497531] VFS: Dquot-cache hash table entries: 512 (order 0, 4096 bytes)
[    1.500007] squashfs: version 4.0 (2009/01/31) Phillip Lougher
[    1.502312] fuse init (API version 7.23)
[    1.503931] Key type big_key registered
[    1.505351] Allocating IMA MOK and blacklist keyrings.
[    1.509531] Key type asymmetric registered
[    1.510975] Asymmetric key parser 'x509' registered
[    1.512622] Block layer SCSI generic (bsg) driver version 0.4 loaded (major 249)
[    1.515280] io scheduler noop registered
[    1.516664] io scheduler deadline registered (default)
[    1.518879] io scheduler cfq registered
[    1.520795] pci_hotplug: PCI Hot Plug PCI Core version: 0.5
[    1.559294] pciehp: PCI Express Hot Plug Controller Driver version: 0.4
[    1.562852] ACPI: AC Adapter [AC] (on-line)
[    1.565201] input: Power Button as /devices/LNXSYSTM:00/LNXPWRBN:00/input/input0
[    1.569127] ACPI: Power Button [PWRF]
[    1.571370] input: Sleep Button as /devices/LNXSYSTM:00/LNXSLPBN:00/input/input1
[    1.644296] ACPI: Sleep Button [SLPF]
[    1.647067] ACPI: Battery Slot [BAT0] (battery present)
[    1.648886] GHES: HEST is not enabled!
[    1.650430] Serial: 8250/16550 driver, 32 ports, IRQ sharing enabled
[    1.676229] 00:02: ttyS0 at I/O 0x3f8 (irq = 4, base_baud = 115200) is a 16550A
[    1.693709] Linux agpgart interface v0.103
[    1.721099] loop: module loaded
[    1.723341] scsi host0: ata_piix
[    1.724807] scsi host1: ata_piix
[    1.726066] ata1: PATA max UDMA/33 cmd 0x1f0 ctl 0x3f6 bmdma 0xd000 irq 14
[    1.728177] ata2: PATA max UDMA/33 cmd 0x170 ctl 0x376 bmdma 0xd008 irq 15
[    1.730447] libphy: Fixed MDIO Bus: probed
[    1.736139] tun: Universal TUN/TAP device driver, 1.6
[    1.737883] tun: (C) 1999-2004 Max Krasnyansky <maxk@qualcomm.com>
[    1.739886] PPP generic driver version 2.4.2
[    1.741462] ehci_hcd: USB 2.0 'Enhanced' Host Controller (EHCI) Driver
[    1.743505] ehci-pci: EHCI PCI platform driver
[    1.745004] ehci-platform: EHCI generic platform driver
[    1.746738] ohci_hcd: USB 1.1 'Open' Host Controller (OHCI) Driver
[    1.748707] ohci-pci: OHCI PCI platform driver
[    1.750297] ohci-platform: OHCI generic platform driver
[    1.752008] uhci_hcd: USB Universal Host Controller Interface driver
[    1.754077] i8042: PNP: PS/2 Controller [PNP0303:PS2K,PNP0f03:PS2M] at 0x60,0x64 irq 1,12
[    1.757520] serio: i8042 KBD port at 0x60,0x64 irq 1
[    1.759162] serio: i8042 AUX port at 0x60,0x64 irq 12
[    1.760975] mousedev: PS/2 mouse device common for all mice
[    1.763642] input: AT Translated Set 2 keyboard as /devices/platform/i8042/serio0/input/input2
[    1.766660] rtc_cmos rtc_cmos: rtc core: registered rtc_cmos as rtc0
[    1.769579] rtc_cmos rtc_cmos: alarms up to one day, 114 bytes nvram
[    1.773157] i2c /dev entries driver
[    1.775399] device-mapper: uevent: version 1.0.3
[    1.778109] device-mapper: ioctl: 4.34.0-ioctl (2015-10-28) initialised: dm-devel@redhat.com
[    1.782482] ledtrig-cpu: registered to indicate activity on CPUs
[    1.786507] NET: Registered protocol family 10
[    1.826555] NET: Registered protocol family 17
[    1.885989] Key type dns_resolver registered
[    1.889872] registered taskstats version 1
[    1.891311] Loading compiled-in X.509 certificates
[    1.894246] Loaded X.509 cert 'Build time autogenerated kernel key: bff73e56bc0efa7435b2a24f5427674623f1be80'
[    1.897453] zswap: loaded using pool lzo/zbud
[    1.903128] Key type trusted registered
[    1.911242] Key type encrypted registered
[    1.912816] AppArmor: AppArmor sha1 policy hashing enabled
[    1.914669] ima: No TPM chip found, activating TPM-bypass!
[    1.921794] ima: Allocated hash algorithm: sha1
[    1.923461] evm: HMAC attrs: 0x1
[    1.925262]   Magic number: 11:185:599
[    1.926698] serial8250 serial8250: hash matches
[    1.928429] rtc_cmos rtc_cmos: setting system clock to 2019-03-14 20:36:00 UTC (1552595760)
[    1.931496] BIOS EDD facility v0.16 2004-Jun-25, 0 devices found
[    1.933414] EDD information not available.
[    1.936983] Freeing unused kernel memory: 1484K
[    1.948686] Write protecting the kernel read-only data: 14336k
[    1.951821] Freeing unused kernel memory: 1624K
[    1.954118] Freeing unused kernel memory: 92K
Loading, please wait...
starting version 229
[    1.989917] random: systemd-udevd: uninitialized urandom read (16 bytes read, 2 bits of entropy available)
[    1.991533] random: udevadm: uninitialized urandom read (16 bytes read, 2 bits of entropy available)
[    1.991602] random: udevadm: uninitialized urandom read (16 bytes read, 2 bits of entropy available)
[    2.000453] random: systemd-udevd: uninitialized urandom read (16 bytes read, 2 bits of entropy available)
[    2.003638] random: systemd-udevd: uninitialized urandom read (16 bytes read, 2 bits of entropy available)
[    2.012254] random: udevadm: uninitialized urandom read (16 bytes read, 2 bits of entropy available)
[    2.012332] random: udevadm: uninitialized urandom read (16 bytes read, 2 bits of entropy available)
[    2.012595] random: udevadm: uninitialized urandom read (16 bytes read, 2 bits of entropy available)
[    2.012703] random: udevadm: uninitialized urandom read (16 bytes read, 2 bits of entropy available)
[    2.012837] random: udevadm: uninitialized urandom read (16 bytes read, 2 bits of entropy available)
[    2.119202] e1000: Intel(R) PRO/1000 Network Driver - version 7.3.21-k8-NAPI
[    2.123689] e1000: Copyright (c) 1999-2006 Intel Corporation.
[    2.129917] Fusion MPT base driver 3.04.20
[    2.132162] Copyright (c) 1999-2008 LSI Corporation
[    2.167407] Fusion MPT SPI Host driver 3.04.20
[    2.330850] input: ImExPS/2 Generic Explorer Mouse as /devices/platform/i8042/serio1/input/input4
[    2.472682] tsc: Refined TSC clocksource calibration: 1795.821 MHz
[    2.492017] clocksource: tsc: mask: 0xffffffffffffffff max_cycles: 0x19e2bdddc42, max_idle_ns: 440795216454 ns
[    2.837284] e1000 0000:00:03.0 eth0: (PCI:33MHz:32-bit) 02:47:ec:b6:72:35
[    2.847527] e1000 0000:00:03.0 eth0: Intel(R) PRO/1000 Network Connection
[    2.852235] mptbase: ioc0: Initiating bringup
[    2.855518] e1000 0000:00:03.0 enp0s3: renamed from eth0
[    2.928235] ioc0: LSI53C1030 A0: Capabilities={Initiator}
[    3.472957] scsi host2: ioc0: LSI53C1030 A0, FwRev=00000000h, Ports=1, MaxQ=256, IRQ=20
[    3.628235] scsi 2:0:0:0: Direct-Access     VBOX     HARDDISK         1.0  PQ: 0 ANSI: 5
[    3.634822] scsi target2:0:0: Beginning Domain Validation
[    3.642171] scsi target2:0:0: Domain Validation skipping write tests
[    3.645721] scsi target2:0:0: Ending Domain Validation
[    3.648204] scsi target2:0:0: asynchronous
[    3.651222] scsi 2:0:1:0: Direct-Access     VBOX     HARDDISK         1.0  PQ: 0 ANSI: 5
[    3.654715] scsi target2:0:1: Beginning Domain Validation
[    3.660498] scsi target2:0:1: Domain Validation skipping write tests
[    3.679489] scsi target2:0:1: Ending Domain Validation
[    3.681877] scsi target2:0:1: asynchronous
[    3.699348] sd 2:0:0:0: Attached scsi generic sg0 type 0
[    3.700179] sd 2:0:0:0: [sda] 20971520 512-byte logical blocks: (10.7 GB/10.0 GiB)
[    3.700468] sd 2:0:0:0: [sda] Write Protect is off
[    3.700613] sd 2:0:0:0: [sda] Incomplete mode parameter data
[    3.700616] sd 2:0:0:0: [sda] Assuming drive cache: write through
[    3.717140] sd 2:0:1:0: Attached scsi generic sg1 type 0
[    3.717292] sd 2:0:1:0: [sdb] 20480 512-byte logical blocks: (10.5 MB/10.0 MiB)
[    3.717566] sd 2:0:1:0: [sdb] Write Protect is off
[    3.717743] sd 2:0:1:0: [sdb] Incomplete mode parameter data
[    3.717746] sd 2:0:1:0: [sdb] Assuming drive cache: write through
[    3.721638]  sda: sda1
[    3.722948] sd 2:0:0:0: [sda] Attached SCSI disk
[    3.759080] sd 2:0:1:0: [sdb] Attached SCSI disk
Begin: Loading e[    5.419480] md: linear personality registered for level -1
ssential drivers ... [    5.463984] md: multipath personality registered for level -4
[    5.471212] md: raid0 personality registered for level 0
[    5.480405] md: raid1 personality registered for level 1
[    5.561628] raid6: sse2x1   gen()  4850 MB/s
[    5.628978] raid6: sse2x1   xor()  3791 MB/s
[    5.696715] raid6: sse2x2   gen()  5984 MB/s
[    5.766701] raid6: sse2x2   xor()  4320 MB/s
[    5.836634] raid6: sse2x4   gen()  7434 MB/s
[    5.906640] raid6: sse2x4   xor()  5258 MB/s
[    5.908532] raid6: using algorithm sse2x4 gen() 7434 MB/s
[    5.910829] raid6: .... xor() 5258 MB/s, rmw enabled
[    5.912919] raid6: using ssse3x2 recovery algorithm
[    5.916986] xor: automatically using best checksumming function:
[    5.977418]    avx       : 33013.000 MB/sec
[    5.982354] async_tx: api initialized (async)
[    6.001597] md: raid6 personality registered for level 6
[    6.007046] md: raid5 personality registered for level 5
[    6.008754] md: raid4 personality registered for level 4
[    6.023498] md: raid10 personality registered for level 10
done.
Begin: Running /scripts/init-premount ... done.
Begin: Mounting root file system ... Begin: Running /scripts/local-top ... done.
Begin: Running /scripts/local-premount ... [    6.085837] Btrfs loaded
Scanning for Btrfs filesystems
done.
Warning: fsck not present, so skipping root file system
[    6.203569] EXT4-fs (sda1): mounted filesystem with ordered data mode. Opts: (null)
done.
Begin: Running /scripts/local-bottom ... done.
Begin: Running /scripts/init-bottom ... done.
[    7.079407] systemd[1]: systemd 229 running in system mode. (+PAM +AUDIT +SELINUX +IMA +APPARMOR +SMACK +SYSVINIT +UTMP +LIBCRYPTSETUP +GCRYPT +GNUTLS +ACL +XZ -LZ4 +SECCOMP +BLKID +ELFUTILS +KMOD -IDN)
[    7.169524] systemd[1]: Detected virtualization oracle.
[    7.171264] systemd[1]: Detected architecture x86-64.

Welcome to [1mUbuntu 16.04.5 LTS[0m!

[    7.215232] systemd[1]: Set hostname to <ubuntu-xenial>.
[    7.425016] random: nonblocking pool is initialized
[    8.483026] systemd[1]: Listening on Journal Audit Socket.
[[0;32m  OK  [0m] Listening on Journal Audit Socket.
[    8.798444] systemd[1]: Listening on udev Control Socket.
[[0;32m  OK  [0m] Listening on udev Control Socket.
[    8.807679] systemd[1]: Started Trigger resolvconf update for networkd DNS.
[[0;32m  OK  [0m] Started Trigger resolvconf update for networkd DNS.
[   9.428432] systemd[1]: Created slice System Slice.
[[0;32m  OK  [0m] Created slice System Slice.
[    9.501020] systemd[1]: Reached target Encrypted Volumes.
[[0;32m  OK  [0m] Reached target Encrypted Volumes.
[    9.505124] systemd[1]: Reached target System Time Synchronized.
[[0;32m  OK  [0m] Reached target System Time Synchronized.
[    9.509570] systemd[1]: Set up automount Arbitrary Executable File Formats File System Automount Point.
[[0;32m  OK  [0m] Set up automount Arbitrary Executab...ats File System Automount Point.
[    9.515367] systemd[1]: Listening on LVM2 poll daemon socket.
[[0;32m  OK  [0m] Listening on LVM2 poll daemon socket.
[    9.519842] systemd[1]: Created slice User and Session Slice.
[[0;32m  OK  [0m] Created slice User and Session Slice.
[    9.524317] systemd[1]: Created slice system-serial\x2dgetty.slice.
[[0;32m  OK  [0m] Created slice system-serial\x2dgetty.slice.
[    9.528650] systemd[1]: Listening on Syslog Socket.
[[0;32m  OK  [0m] Listening on Syslog Socket.
[    9.532384] systemd[1]: Listening on Device-mapper event daemon FIFOs.
[[0;32m  OK  [0m] Listening on Device-mapper event daemon FIFOs.
[    9.537727] systemd[1]: Started Forward Password Requests to Wall Directory Watch.
[[0;32m  OK  [0m] Started Forward Password Requests to Wall Directory Watch.
[    9.544243] systemd[1]: Listening on udev Kernel Socket.
[[0;32m  OK  [0m] Listening on udev Kernel Socket.
[    9.549182] systemd[1]: Listening on Journal Socket.
[[0;32m  OK  [0m] Listening on Journal Socket.
[    9.564793] systemd[1]: Mounting POSIX Message Queue File System...
         Mounting POSIX Message Queue File System...
[    9.574583] systemd[1]: Mounting Debug File System...
         Mounting Debug File System...
[    9.580935] systemd[1]: Starting Nameserver information manager...
         Starting Nameserver information manager...
[    9.587119] systemd[1]: Starting Remount Root and Kernel File Systems...
         Starting Remount Root and Kernel File Systems...
[    9.697049] systemd[1]: Starting Load Kernel Modules...
         Starting Load Kernel Modules...
[    9.716741] EXT4-fs (sda1): re-mounted. Opts: (null)
[    9.718891] systemd[1]: Mounting Huge Pages File System...
         Mounting Huge Pages File System...
[    9.745482] systemd[1]: Listening on LVM2 metadata daemon socket.
[[0;32m  OK  [0m] Listening on LVM2 metadata daemon socket.
[    9.777374] systemd[1]: Starting Monitoring of LVM2 mirrors, snapshots etc. using dmeventd or progress polling...
         Startin[    9.790363] Loading iSCSI transport class v2.0-870.
g Monitoring of LVM2 mirrors... dmeventd or progress polling...
[    9.807438] systemd[1]: Reached target Slices.
[[0;32m  OK  [0m] Reached target Slices.
[    9.812220] systemd[1]: Starting Uncomplicated firewall...
         Starting Uncomplicated firewall...
[    9.816428] systemd[1]: Listening on /dev/initctl Compatibility Named Pipe.
[[0;32m  OK  [0m] Listening on /dev/initctl Compatibility Named Pipe.
[    9.822691] systemd[1]: Starting Set console keymap...
         Starting Set console keymap...
[    9.828245] systemd[1]: Reached target Swap.
[[0;32m  OK  [0m] Reached target Swap.
[    9.841780] systemd[1]: Listening on Journal Socket (/dev/log).
[[0;32m  OK  [0m] Listening on Journal Socket (/dev/log).
[    9.857200] systemd[1]: Starting Journal Service...
         Starting Journal Service...
[    9.861761] iscsi: registered transport (tcp)
[    9.862614] systemd[1]: Starting Create list of required static device nodes for the current kernel...
         Starting Create list of required st... nodes for the current kernel...
[    9.876192] systemd[1]: Reached target User and Group Name Lookups.
[[0;32m  OK  [0m] Reached target User and Group Name Lookups.
[    9.899029] systemd[1]: Mounted Huge Pages File System.
[[0;32m  OK  [0m] Mounted Huge Pages File System.
[    9.927297] systemd[1]: Mounted Debug File System.
[[0;32m  OK  [0m] Mounted Debug File System.
[    9.930941] systemd[1]: Mounted POSIX Message Queue File System.
[[0;32m  OK  [0m] Mounted POSIX Message Queue File System.
[    9.937243] systemd[1]: Started Remount Root and Kernel File Systems.
[[0;32m  OK  [0m] Started Remount Root and Kernel File Systems.
[    9.952767] systemd[1]: Started Uncomplicated firewall.
[[0;32m  OK  [0m] Started Uncomplicated firewall.
[    9.959181] systemd[1]: Started Create list of required static device nodes for the current kernel.
[[0;32m  OK  [0m] Started Create list of required sta...ce nodes for the current kernel.
[   10.009316] systemd[1]: Started Nameserver information manager.
[[0;32m  OK  [0m] Started Nameserver information manager.
[   10.109213] systemd[1]: Starting Create Static Device Nodes in /dev...
         Starting Create Static Device Nodes in /dev...
[   10.116087] systemd[1]: Starting Load/Save Random Seed...
         Starting Load/Save Random Seed...
[   10.297400] systemd[1]: Starting udev Coldplug all Devices...
         Starting udev Coldplug all Devices...
[   10.330213] systemd[1]: Started Set console keymap.
[[0;32m  OK  [0m] Started Set console keymap.
[   10.335403] systemd[1]: Started Load/Save Random Seed.
[[0;32m  OK  [0m] Started Load/Save Random Seed.
[   10.404951] systemd[1]: Started LVM2 metadata daemon.
[[0;32m  OK  [0m] Started LVM2 metadata daemon.
[   10.415405] systemd[1]: Started Journal Service.
[[0;32m  OK  [0m] Started Journal Service.
         Starting Flush Journal to Persistent Storage...
[[0;32m  OK  [0m] Started udev Coldplug all Devices.
[   10.531561] iscsi: registered transport (iser)
[   10.540686] systemd-journald[388]: Received request to flush runtime journal from PID 1
[[0;32m  OK  [0m] Started Load Kernel Modules.
         Starting Apply Kernel Variables...
         Mounting FUSE Control File System...
[[0;32m  OK  [0m] Mounted FUSE Control File System.
[[0;32m  OK  [0m] Started Flush Journal to Persistent Storage.
[[0;32m  OK  [0m] Started Apply Kernel Variables.
[[0;32m  OK  [0m] Started Create Static Device Nodes in /dev.
         Starting udev Kernel Device Manager...
[[0;32m  OK  [0m] Started Monitoring of LVM2 mirrors,...ng dmeventd or progress polling.
[[0;32m  OK  [0m] Reached target Local File Systems (Pre).
[[0;32m  OK  [0m] Reached target Local File Systems.
         Starting Tell Plymouth To Write Out Runtime Data...
         Starting Create Volatile Files and Directories...
         Starting Initial cloud-init job (pre-networking)...
         Starting Set console font and keymap...
         Starting LSB: AppArmor initialization...
[[0;32m  OK  [0m] Started Tell Plymouth To Write Out Runtime Data.
[[0;32m  OK  [0m] Started udev Kernel Device Manager.
[[0;32m  OK  [0m] Started Dispatch Password Requests to Console Directory Watch.
[[0;32m  OK  [0m] Started Create Volatile Files and Directories.
         Starting Update UTMP about System Boot/Shutdown...
[[0;32m  OK  [0m] Found device /dev/ttyS0.
[[0;32m  OK  [0m] Started Update UTMP about System Boot/Shutdown.
[[0;32m  OK  [0m] Started Set console font and keymap.
[[0;32m  OK  [0m] Created slice system-getty.slice.
[[0;32m  OK  [0m] Listening on Load/Save RF Kill Switch Status /dev/rfkill Watch.
[[0;32m  OK  [0m] Found device 82540EM Gigabit Ethern...r (PRO/1000 MT Desktop Adapter).
[[0;32m  OK  [0m] Started LSB: AppArmor initialization.
[   17.761214] cloud-init[468]: Cloud-init v. 18.4-0ubuntu1~16.04.2 running 'init-local' at Thu, 14 Mar 2019 20:36:16 +0000. Up 16.87 seconds.
[[0;32m  OK  [0m] Started Initial cloud-init job (pre-networking).
[[0;32m  OK  [0m] Reached target Network (Pre).
         Starting Raise network interfaces...
[[0;32m  OK  [0m] Started ifup for enp0s3.
[[0;32m  OK  [0m] Started Raise network interfaces.
[[0;32m  OK  [0m] Reached target Network.
         Starting Initial cloud-init job (metadata service crawler)...
[   19.779866] cloud-init[948]: Cloud-init v. 18.4-0ubuntu1~16.04.2 running 'init' at Thu, 14 Mar 2019 20:36:18 +0000. Up 18.96 seconds.
[   19.847113] cloud-init[948]: ci-info: ++++++++++++++++++++++++++++++++++++++Net device info++++++++++++++++++++++++++++++++++++++
[[0;32m  OK  [0m] Started Initial cloud-init job (metadata service crawler).
[   19.872654] cloud-init[948]: ci-info: +--------+------+----------------------------+---------------+--------+-------------------+
[   19.880481] cloud-init[948]: ci-info: | Device |  Up  |          Address           |      Mask     | Scope  |     Hw-Address    |
[[   19.881258] cloud-init[948]: ci-info: +--------+------+----------------------------+---------------+--------+-------------------+
[0;32m  OK  [0m[   19.884817] cloud-init[948]: ci-info: | enp0s3 | True |         10.0.2.15          | 255.255.255.0 | global | 02:47:ec:b6:72:35 |
] [   19.887783] cloud-init[948]: ci-info: | enp0s3 | True | fe80::47:ecff:feb6:7235/64 |       .       |  link  | 02:47:ec:b6:72:35 |
Reached target System Initialization.[   19.890508] cloud-init[948]: ci-info: |   lo   | True |         127.0.0.1          |   255.0.0.0   |  host  |         .         |

[   19.893834] cloud-init[948]: ci-info: |   lo   | True |          ::1/128           |       .       |  host  |         .         |
[   19.898693] cloud-init[948]: ci-info: +--------+------+----------------------------+---------------+--------+-------------------+
[   19.901697] cloud-init[948]: ci-info: +++++++++++++++++++++++++++Route IPv4 info++++++++++++++++++++++++++++
[   19.904426] cloud-init[948]: ci-info: +-------+-------------+----------+---------------+-----------+-------+
[   19.907194] cloud-init[948]: ci-info: | Route | Destination | Gateway  |    Genmask    | Interface | Flags |
[   19.909965] cloud-init[948]: ci-info: +-------+-------------+----------+---------------+-----------+-------+
[   19.912809] cloud-init[948]: ci-info: |   0   |   0.0.0.0   | 10.0.2.2 |    0.0.0.0    |   enp0s3  |   UG  |
[   19.930472] cloud-init[948]: ci-info: |   1   |   10.0.2.0  | 0.0.0.0  | 255.255.255.0 |   enp0s3  |   U   |
[[   19.931114] cloud-init[948]: ci-info: +-------+-------------+----------+---------------+-----------+-------+
[0;32m  OK  [0m[   19.934439] cloud-init[948]: ci-info: +++++++++++++++++++Route IPv6 info+++++++++++++++++++
] Started ACPI Events Check.
[   19.936663] cloud-init[948]: ci-info: +-------+-------------+---------+-----------+-------+
[[   19.986215] cloud-init[948]: ci-info: | Route | Destination | Gateway | Interface | Flags |
[0;32m  OK  [0m[   19.990216] cloud-init[948]: ci-info: +-------+-------------+---------+-----------+-------+
] [   19.995160] cloud-init[948]: ci-info: |   0   |  fe80::/64  |    ::   |   enp0s3  |   U   |
Reached target Paths.[   19.997594] cloud-init[948]: ci-info: |   3   |   ff00::/8  |    ::   |   enp0s3  |   U   |

[   19.999771] cloud-init[948]: ci-info: +-------+-------------+---------+-----------+-------+
         Starting Socket activation for snappy daemon.
         Starting LXD - unix socket.
[[0;32m  OK  [0m] Started Daily apt download activities.
[[0;32m  OK  [0m] Listening on UUID daemon activation socket.
[[0;32m  OK  [0m] Listening on ACPID Listen Socket.
[[0;32m  OK  [0m] Started Daily Cleanup of Temporary Directories.
[[0;32m  OK  [0m] Started Daily apt upgrade and clean activities.
[[0;32m  OK  [0m] Reached target Timers.
[[0;32m  OK  [0m] Listening on D-Bus System Message Bus Socket.
[[0;32m  OK  [0m] Reached target Cloud-config availability.
[[0;32m  OK  [0m] Reached target Network is Online.
         Starting iSCSI initiator daemon (iscsid)...
[[0;32m  OK  [0m] Listening on Socket activation for snappy daemon.
[[0;32m  OK  [0m] Listening on LXD - unix socket.
[[0;32m  OK  [0m] Reached target Sockets.
[[0;32m  OK  [0m] Reached target Basic System.
         Starting Login Service...
[[0;32m  OK  [0m] Started Deferred execution scheduler.
         Starting System Logging Service...
[[0;32m  OK  [0m] Started Regular background program processing daemon.
         Starting LSB: Record successful boot for GRUB...
[[0;32m  OK  [0m] Started FUSE filesystem for LXC.
[[0;32m  OK  [0m] Started ACPI event daemon.
[[0;32m  OK  [0m] Started D-Bus System Message Bus.
         Starting OpenBSD Secure Shell server...
         Starting Accounts Service...
         Starting Snappy daemon...
         Starting Virtualbox guest utils...
[[0;32m  OK  [0m] Started Unattended Upgrades Shutdown.
         Starting /etc/rc.local Compatibility...
         Starting LSB: MD monitoring daemon...
         Starting LXD - container startup/shutdown...
[[0;32m  OK  [0m] Started System Logging Service.
[[0;32m  OK  [0m] Started /etc/rc.local Compatibility.
[[0;32m  OK  [0m] Started Login Service.
[[0;32m  OK  [0m] Started LSB: Record successful boot for GRUB.
[[0;32m  OK  [0m] Started iSCSI initiator daemon (iscsid).
         Starting Login to default iSCSI targets...
[[0;32m  OK  [0m] Started LSB: MD monitoring daemon.
[[0;32m  OK  [0m] Started Login to default iSCSI targets.
[[0;32m  OK  [0m] Reached target Remote File Systems (Pre).
[[0;32m  OK  [0m] Reached target Remote File Systems.
         Starting Permit User Sessions...
         Starting LSB: Set the CPU Frequency Scaling governor to "ondemand"...
         Starting LSB: daemon to balance interrupts for SMP systems...
         Starting LSB: automatic crash report generation...
[[0;32m  OK  [0m] Started LSB: Set the CPU Frequency Scaling governor to "ondemand".
[[0;32m  OK  [0m] Started Permit User Sessions.
[[0;32m  OK  [0m] Started OpenBSD Secure Shell server.
         Starting Hold until boot process finishes up...
         Starting Terminate Plymouth Boot Screen...
[[0;32m  OK  [0m] Started Hold until boot process finishes up.
[[0;32m  OK  [0m] Started Terminate Plymouth Boot Screen.
[[0;32m  OK  [0m] Started Getty on tty1.
[[0;32m  OK  [0m] Started Serial Getty on ttyS0.
[[0;32m  OK  [0m] Reached target Login Prompts.
         Starting Set console scheme...
[[0;32m  OK  [0m] Started LSB: daemon to balance interrupts for SMP systems.
[[0;32m  OK  [0m] Started LSB: automatic crash report generation.
[[0;32m  OK  [0m] Started Set console scheme.
[[0;32m  OK  [0m] Started Virtualbox guest utils.
         Starting Authenticate and Authorize Users to Run Privileged Tasks...
[[0;32m  OK  [0m] Started Authenticate and Authorize Users to Run Privileged Tasks.
[[0;32m  OK  [0m] Started Accounts Service.
[[0;32m  OK  [0m] Started Snappy daemon.
         Starting Wait until snapd is fully seeded...
[[0;32m  OK  [0m] Started LXD - container startup/shutdown.
[[0;32m  OK  [0m] Started Wait until snapd is fully seeded.
[[0;32m  OK  [0m] Reached target Multi-User System.
[[0;32m  OK  [0m] Reached target Graphical Interface.
         Starting Update UTMP about System Runlevel Changes...
         Starting Apply the settings specified in cloud-config...
[[0;32m  OK  [0m] Started Update UTMP about System Runlevel Changes.
[   26.891055] cloud-init[1188]: Cloud-init v. 18.4-0ubuntu1~16.04.2 running 'modules:config' at Thu, 14 Mar 2019 20:36:25 +0000. Up 26.29 seconds.
[[0;32m  OK  [0m] Started Apply the settings specified in cloud-config.
         Starting Execute cloud user/final scripts...
[[0;32m  OK  [0m] Created slice User Slice of vagrant.
         Starting User Manager for UID 1000...
[[0;32m  OK  [0m] Started Session 1 of user vagrant.
[[0;32m  OK  [0m] Started User Manager for UID 1000.
[   28.010577] cloud-init[1198]: Cloud-init v. 18.4-0ubuntu1~16.04.2 running 'modules:final' at Thu, 14 Mar 2019 20:36:26 +0000. Up 27.62 seconds.
[   28.023469] cloud-init[1198]: Cloud-init v. 18.4-0ubuntu1~16.04.2 finished at Thu, 14 Mar 2019 20:36:27 +0000. Datasource DataSourceNoCloud [seed=/dev/sdb][dsmode=net].  Up 27.98 seconds
[[0;32m  OK  [0m] Started Execute cloud user/final scripts.
[[0;32m  OK  [0m] Reached target Cloud-init target.
         Starting Daily apt download activities...

Ubuntu 16.04.5 LTS ubuntu-xenial ttyS0

ubuntu-xenial login:          Stopping ACPI event daemon...
         Stopping Authenticate and Authorize Users to Run Privileged Tasks...
[[0;32m  OK  [0m] Stopped target Graphical Interface.
         Stopping Accounts Service...
         Stopping User Manager for UID 1000...
[[0;32m  OK  0         Stopping LXD - container startup/shutdown...
         Stopping LSB: MD monitoring daemon...
         Stopping D-Bus System Message Bus...
         Stopping Unattended Upgrades Shutdown...
[[0;32m  OK  [0m] Unmounted /var/lib/lxcfs.
[[0;32m  OK  [0m] Stopped Deferred execution scheduler.
[[0;32m  OK  [0m] Stopped System Logging Service.
[[0;32m  OK  [0m] Stopped Regular background program processing daemon.
[[0;32m  OK  [0m] Stopped ACPI event daemon.
[[0;32m  OK  [0m] Stopped Accounts Service.
[[0;32m  OK  [0m] Stopped Snappy daemon.
[[0;32m  OK  [0m] Stopped OpenBSD Secure Shell server.
[[0;32m  OK  [0m] Stopped Getty on tty1.
[[0;32m  OK  [0m] Stopped Serial Getty on ttyS0.
[[0;32m  OK  [0m] Stopped Authenticate and Authorize Users to Run Privileged Tasks.
[[0;32m  OK  [0m] Stopped User Manager for UID 1000.
[[0;32m  OK  [0m] Stopped Session 4 of user vagrant.
[[0;32m  OK  [0m] Stopped D-Bus System Message Bus.
[[0;32m  OK  [0m] Stopped Unattended Upgrades Shutdown.
[[0;32m  OK  [0m] Stopped FUSE filesystem for LXC.
[[0;32m  OK  [0m] Stopped LSB: Record successful boot for GRUB.
[[0;32m  OK  [0m] Stopped LSB: Set the CPU Frequency Scaling governor to "ondemand".
[[0;32m  OK  [0m] Stopped LXD - container startup/shutdown.
[[0;32m  OK  [0m] Stopped LSB: automatic crash report generation.
[[0;32m  OK  [0m] Stopped Virtualbox guest utils.
[[0;32m  OK  [0m] Stopped LSB: daemon to balance interrupts for SMP systems.
[[0;32m  OK  [0m] Stopped LSB: MD monitoring daemon.
[[0;32m  OK  [0m] Removed slice User Slice of vagrant.
         Stopping Login Service...
[[0;32m  OK  [0m] Removed slice system-serial\x2dgetty.slice.
[[0;32m  OK  [0m] Stopped /etc/rc.local Compatibility.
[[0;32m  OK  [0m] Removed slice system-getty.slice.
         Stopping Permit User Sessions...
[[0;32m  OK  [0m] Stopped Permit User Sessions.
[[0;32m  OK  [0m] Stopped target Remote File Systems.
[[0;32m  OK  [0m] Stopped target Remote File Systems (Pre).
         Stopping Login to default iSCSI targets...
[[0;32m  OK  [0m] Stopped Login Service.
[[0;32m  OK  [0m] Stopped target User and Group Name Lookups.
[[0;32m  OK  [0m] Stopped target Basic System.
[[0;32m  OK  [0m] Stopped target Slices.
[[0;32m  OK  [0m] Removed slice User and Session Slice.
[[0;32m  OK  [0m] Stopped target Sockets.
[[0;32m  OK  [0m] Closed Socket activation for snappy daemon.
[[0;32m  OK  [0m] Closed Syslog Socket.
[[0;32m  OK  [0m] Closed D-Bus System Message Bus Socket.
[[0;32m  OK  [0m] Closed LXD - unix socket.
[[0;32m  OK  [0m] Closed UUID daemon activation socket.
[[0;32m  OK  [0m] Closed ACPID Listen Socket.
[[0;32m  OK  [0m] Stopped target Paths.
[[0;32m  OK  [0m] Stopped Dispatch Password Requests to Console Directory Watch.
[[0;32m  OK  [0m] Stopped ACPI Events Check.
[[0;32m  OK  [0m] Stopped Forward Password Requests to Wall Directory Watch.
[[0;32m  OK  [0m] Stopped target System Initialization.
[[0;32m  OK  [0m] Stopped target Swap.
         Stopping Load/Save Random Seed...
[[0;32m  OK  [0m] Stopped Create Volatile Files and Directories.
[[0;32m  OK  [0m] Stopped target Encrypted Volumes.
[[0;32m  OK  [0m] Stopped Load/Save Random Seed.
[[0;32m  OK  [0m] Stopped Login to default iSCSI targets.
         Stopping iSCSI initiator daemon (iscsid)...
[[0;32m  OK  [0m] Stopped iSCSI initiator daemon (iscsid).
[[0;32m  OK  [0m] Stopped target Network is Online.
[[0;32m  OK  [0m] Stopped Initial cloud-init job (metadata service crawler).
[[0;32m  OK  [0m] Stopped target Network.
         Stopping Raise network interfaces...
[[0;32m  OK  [0m] Stopped Raise network interfaces.
[[0;32m  OK  [0m] Stopped target Network (Pre).
[[0;32m  OK  [0m] Stopped Initial cloud-init job (pre-networking).
[[0;32m  OK  [0m] Stopped target Local File Systems.
         Unmounting /vagrant...
         Unmounting /run/user/1000...
[[0;32m  OK  [0m] Stopped Apply Kernel Variables.
[[0;32m  OK  [0m] Stopped Load Kernel Modules.
[[0;32m  OK  [0m] Unmounted /vagrant.
[[0;32m  OK  [0m] Unmounted /run/user/1000.
[[0;32m  OK  [0m] Reached target Unmount All Filesystems.
[[0;32m  OK  [0m] Stopped target Local File Systems (Pre).
         Stopping Monitoring of LVM2 mirrors... dmeventd or progress polling...
[[0;32m  OK  [0m] Stopped Remount Root and Kernel File Systems.
[[0;32m  OK  [0m] Stopped Create Static Device Nodes in /dev.
[[0;32m  OK  [0m] Reached target Shutdown.
[ 3449.836991] reboot: Power down
